<html>
<head>
<title>TestNG:  Testie</title>
<link href="../testng.css" rel="stylesheet" type="text/css" />
<link href="../my-testng.css" rel="stylesheet" type="text/css" />

<style type="text/css">
.log { display: none;} 
.stack-trace { display: none;} 
</style>
<script type="text/javascript">
<!--
function flip(e) {
  current = e.style.display;
  if (current == 'block') {
    e.style.display = 'none';
    return 0;
  }
  else {
    e.style.display = 'block';
    return 1;
  }
}

function toggleBox(szDivId, elem, msg1, msg2)
{
  var res = -1;  if (document.getElementById) {
    res = flip(document.getElementById(szDivId));
  }
  else if (document.all) {
    // this is the way old msie versions work
    res = flip(document.all[szDivId]);
  }
  if(elem) {
    if(res == 0) elem.innerHTML = msg1; else elem.innerHTML = msg2;
  }

}

function toggleAllBoxes() {
  if (document.getElementsByTagName) {
    d = document.getElementsByTagName('div');
    for (i = 0; i < d.length; i++) {
      if (d[i].className == 'log') {
        flip(d[i]);
      }
    }
  }
}

// -->
</script>

</head>
<body>
<h2 align='center'>Testie</h2><table border='1' align="center">
<tr>
<td>Tests passed/Failed/Skipped:</td><td>0/0/5</td>
</tr><tr>
<td>Started on:</td><td>Sat Aug 19 17:12:55 IST 2017</td>
</tr>
<tr><td>Total time:</td><td>6 seconds (6375 ms)</td>
</tr><tr>
<td>Included groups:</td><td></td>
</tr><tr>
<td>Excluded groups:</td><td></td>
</tr>
</table><p/>
<small><i>(Hover the method name to see the test class name)</i></small><p/>
<table width='100%' border='1' class='invocation-failed'>
<tr><td colspan='4' align='center'><b>FAILED CONFIGURATIONS</b></td></tr>
<tr><td><b>Test method</b></td>
<td width="30%"><b>Exception</b></td>
<td width="10%"><b>Time (seconds)</b></td>
<td><b>Instance</b></td>
</tr>
<tr>
<td title='projectScripts.Script_Login.launch_App()'><b>launch_App</b><br>Test class: projectScripts.Script_Login</td>
<td><div><pre>java.io.FileNotFoundException: E:\Jan\AugustFramework\src\test\resources\Config.properties (The system cannot find the file specified)
	at java.io.FileInputStream.open0(Native Method)
	at java.io.FileInputStream.open(FileInputStream.java:195)
	at java.io.FileInputStream.&lt;init&gt;(FileInputStream.java:138)
	at java.io.FileInputStream.&lt;init&gt;(FileInputStream.java:93)
	at genericLibrary.utility.getpropertyval(utility.java:21)
	at genericLibrary.Base.launch_App(Base.java:81)
... Removed 26 stack frames</pre></div><a href='#' onClick='toggleBox("stack-trace18624798", this, "Click to show all stack frames", "Click to hide stack frames")'>Click to show all stack frames</a>
<div class='stack-trace' id='stack-trace18624798'><pre>java.io.FileNotFoundException: E:\Jan\AugustFramework\src\test\resources\Config.properties (The system cannot find the file specified)
	at java.io.FileInputStream.open0(Native Method)
	at java.io.FileInputStream.open(FileInputStream.java:195)
	at java.io.FileInputStream.&lt;init&gt;(FileInputStream.java:138)
	at java.io.FileInputStream.&lt;init&gt;(FileInputStream.java:93)
	at genericLibrary.utility.getpropertyval(utility.java:21)
	at genericLibrary.Base.launch_App(Base.java:81)
	at sun.reflect.NativeMethodAccessorImpl.invoke0(Native Method)
	at sun.reflect.NativeMethodAccessorImpl.invoke(NativeMethodAccessorImpl.java:62)
	at sun.reflect.DelegatingMethodAccessorImpl.invoke(DelegatingMethodAccessorImpl.java:43)
	at java.lang.reflect.Method.invoke(Method.java:498)
	at org.testng.internal.MethodInvocationHelper.invokeMethod(MethodInvocationHelper.java:80)
	at org.testng.internal.Invoker.invokeConfigurationMethod(Invoker.java:525)
	at org.testng.internal.Invoker.invokeConfigurations(Invoker.java:202)
	at org.testng.internal.Invoker.invokeMethod(Invoker.java:613)
	at org.testng.internal.Invoker.invokeTestMethod(Invoker.java:842)
	at org.testng.internal.Invoker.invokeTestMethods(Invoker.java:1166)
	at org.testng.internal.TestMethodWorker.invokeTestMethods(TestMethodWorker.java:125)
	at org.testng.internal.TestMethodWorker.run(TestMethodWorker.java:109)
	at org.testng.TestRunner.runWorkers(TestRunner.java:1178)
	at org.testng.TestRunner.privateRun(TestRunner.java:757)
	at org.testng.TestRunner.run(TestRunner.java:608)
	at org.testng.SuiteRunner.runTest(SuiteRunner.java:334)
	at org.testng.SuiteRunner.runSequentially(SuiteRunner.java:329)
	at org.testng.SuiteRunner.privateRun(SuiteRunner.java:291)
	at org.testng.SuiteRunner.run(SuiteRunner.java:240)
	at org.testng.SuiteRunnerWorker.runSuite(SuiteRunnerWorker.java:52)
	at org.testng.SuiteRunnerWorker.run(SuiteRunnerWorker.java:86)
	at org.testng.TestNG.runSuitesSequentially(TestNG.java:1158)
	at org.testng.TestNG.runSuitesLocally(TestNG.java:1083)
	at org.testng.TestNG.run(TestNG.java:999)
	at org.testng.TestNG.privateMain(TestNG.java:1301)
	at org.testng.TestNG.main(TestNG.java:1265)
</pre></div></td>
<td>0</td>
<td>projectScripts.Script_Login@15530b9</td></tr>
</table><p>
<table width='100%' border='1' class='invocation-skipped'>
<tr><td colspan='4' align='center'><b>SKIPPED CONFIGURATIONS</b></td></tr>
<tr><td><b>Test method</b></td>
<td width="30%"><b>Exception</b></td>
<td width="10%"><b>Time (seconds)</b></td>
<td><b>Instance</b></td>
</tr>
<tr>
<td title='projectScripts.Script_Login.launch_App()'><b>launch_App</b><br>Test class: projectScripts.Script_Login</td>
<td></td>
<td>0</td>
<td>projectScripts.Script_Login@15530b9</td></tr>
<tr>
<td title='projectScripts.Script_Login.launch_App()'><b>launch_App</b><br>Test class: projectScripts.Script_Login</td>
<td></td>
<td>0</td>
<td>projectScripts.Script_Login@15530b9</td></tr>
<tr>
<td title='projectScripts.Script_Search.launch_App()'><b>launch_App</b><br>Test class: projectScripts.Script_Search</td>
<td></td>
<td>0</td>
<td>projectScripts.Script_Search@1057a39</td></tr>
<tr>
<td title='projectScripts.Script_Search.launch_App()'><b>launch_App</b><br>Test class: projectScripts.Script_Search</td>
<td></td>
<td>0</td>
<td>projectScripts.Script_Search@1057a39</td></tr>
<tr>
<td title='projectScripts.Script_Login.teardown()'><b>teardown</b><br>Test class: projectScripts.Script_Login</td>
<td></td>
<td>0</td>
<td>projectScripts.Script_Login@15530b9</td></tr>
<tr>
<td title='projectScripts.Script_Login.teardown()'><b>teardown</b><br>Test class: projectScripts.Script_Login</td>
<td></td>
<td>0</td>
<td>projectScripts.Script_Login@15530b9</td></tr>
<tr>
<td title='projectScripts.Script_Login.teardown()'><b>teardown</b><br>Test class: projectScripts.Script_Login</td>
<td></td>
<td>0</td>
<td>projectScripts.Script_Login@15530b9</td></tr>
<tr>
<td title='projectScripts.Script_Search.teardown()'><b>teardown</b><br>Test class: projectScripts.Script_Search</td>
<td></td>
<td>0</td>
<td>projectScripts.Script_Search@1057a39</td></tr>
<tr>
<td title='projectScripts.Script_Search.teardown()'><b>teardown</b><br>Test class: projectScripts.Script_Search</td>
<td></td>
<td>0</td>
<td>projectScripts.Script_Search@1057a39</td></tr>
</table><p>
<table width='100%' border='1' class='invocation-skipped'>
<tr><td colspan='4' align='center'><b>SKIPPED TESTS</b></td></tr>
<tr><td><b>Test method</b></td>
<td width="30%"><b>Exception</b></td>
<td width="10%"><b>Time (seconds)</b></td>
<td><b>Instance</b></td>
</tr>
<tr>
<td title='projectScripts.Script_Login.invalidLogin()'><b>invalidLogin</b><br>Test class: projectScripts.Script_Login<br>Parameters: {Order=1.0, Execute=y, Message=Sorry we were unable to complete this step because :, Username=dksjhf, ScriptName=invalidLogin, ID=GB_01, Password=learn123}</td>
<td></td>
<td>0</td>
<td>projectScripts.Script_Login@15530b9</td></tr>
<tr>
<td title='projectScripts.Script_Login.invalidLogin()'><b>invalidLogin</b><br>Test class: projectScripts.Script_Login<br>Parameters: {Order=1.0, Execute=y, Message=Sorry we were unable to complete this step because :, Username=, ScriptName=invalidLogin, ID=GB_06, Password=}</td>
<td></td>
<td>0</td>
<td>projectScripts.Script_Login@15530b9</td></tr>
<tr>
<td title='projectScripts.Script_Search.invalidSearch()'><b>invalidSearch</b><br>Test class: projectScripts.Script_Search<br>Parameters: {Order=1.0, Execute=Y, Message=Sorry..'abcdf' does not match any product on Rediff Books., ScriptName=invalidSearch, Searchoption=abcdf, ID=GB_08}</td>
<td></td>
<td>0</td>
<td>projectScripts.Script_Search@1057a39</td></tr>
<tr>
<td title='projectScripts.Script_Login.validLogin()'><b>validLogin</b><br>Test class: projectScripts.Script_Login<br>Parameters: {Order=1.0, Execute=y, Message=Hi qtpworld2008 g, Username=qtpworld2008@gmail.com, ScriptName=validLogin, ID=GB_07, Password=learn123}</td>
<td></td>
<td>0</td>
<td>projectScripts.Script_Login@15530b9</td></tr>
<tr>
<td title='projectScripts.Script_Search.validSearch()'><b>validSearch</b><br>Test class: projectScripts.Script_Search<br>Parameters: {Order=1.0, Execute=Y, Message=45.0, ScriptName=validateSearchcount, Searchoption=Ways, ID=GB_09}</td>
<td></td>
<td>0</td>
<td>projectScripts.Script_Search@1057a39</td></tr>
</table><p>
</body>
</html>